# JRE version: OpenJDK Runtime Environment (15.0.1+9) (build 15.0.1+9-18)
# Java VM: OpenJDK 64-Bit Server VM (15.0.1+9-18, mixed mode, tiered, compressed oops, g1 gc, windows-amd64)
GC Precious Log:
 CPUs: 6 total, 6 available
 Memory: 8125M
 Large Page Support: Disabled
 NUMA Support: Disabled
 Compressed Oops: Enabled (32-bit)
 Heap Region Size: 1M
 Heap Min Capacity: 8M
 Heap Initial Capacity: 128M
 Heap Max Capacity: 2032M
 Pre-touch: Disabled
 Parallel Workers: 6
 Concurrent Workers: 2
 Concurrent Refinement Workers: 6
 Periodic GC: Disabled
Heap:
 garbage-first heap   total 68608K, used 25492K [0x0000000081000000, 0x0000000100000000)
  region size 1024K, 12 young (12288K), 2 survivors (2048K)
 Metaspace       used 33056K, capacity 33356K, committed 33456K, reserved 1079296K
  class space    used 3968K, capacity 4076K, committed 4096K, reserved 1048576K
GC Heap History (12 events):
Event: 0.472 GC heap before
{Heap before GC invocations=0 (full 0):
 garbage-first heap   total 131072K, used 20480K [0x0000000081000000, 0x0000000100000000)
  region size 1024K, 21 young (21504K), 0 survivors (0K)
 Metaspace       used 12426K, capacity 12624K, committed 12928K, reserved 1060864K
  class space    used 1234K, capacity 1283K, committed 1408K, reserved 1048576K
}
Event: 0.475 GC heap after
{Heap after GC invocations=1 (full 0):
 garbage-first heap   total 131072K, used 3011K [0x0000000081000000, 0x0000000100000000)
  region size 1024K, 3 young (3072K), 3 survivors (3072K)
 Metaspace       used 12426K, capacity 12624K, committed 12928K, reserved 1060864K
  class space    used 1234K, capacity 1283K, committed 1408K, reserved 1048576K
}
Event: 0.878 GC heap before
{Heap before GC invocations=1 (full 0):
 garbage-first heap   total 131072K, used 29635K [0x0000000081000000, 0x0000000100000000)
  region size 1024K, 30 young (30720K), 3 survivors (3072K)
 Metaspace       used 20948K, capacity 21196K, committed 21296K, reserved 1069056K
  class space    used 2565K, capacity 2639K, committed 2688K, reserved 1048576K
}
Event: 0.882 GC heap after
{Heap after GC invocations=2 (full 0):
 garbage-first heap   total 131072K, used 6884K [0x0000000081000000, 0x0000000100000000)
  region size 1024K, 4 young (4096K), 4 survivors (4096K)
 Metaspace       used 20948K, capacity 21196K, committed 21296K, reserved 1069056K
  class space    used 2565K, capacity 2639K, committed 2688K, reserved 1048576K
}
Event: 1.121 GC heap before
{Heap before GC invocations=3 (full 0):
 garbage-first heap   total 30720K, used 21220K [0x0000000081000000, 0x0000000100000000)
  region size 1024K, 18 young (18432K), 4 survivors (4096K)
 Metaspace       used 27519K, capacity 27799K, committed 28208K, reserved 1075200K
  class space    used 3256K, capacity 3347K, committed 3456K, reserved 1048576K
}
Event: 1.124 GC heap after
{Heap after GC invocations=4 (full 0):
 garbage-first heap   total 30720K, used 8909K [0x0000000081000000, 0x0000000100000000)
  region size 1024K, 3 young (3072K), 3 survivors (3072K)
 Metaspace       used 27519K, capacity 27799K, committed 28208K, reserved 1075200K
  class space    used 3256K, capacity 3347K, committed 3456K, reserved 1048576K
}
Event: 1.295 GC heap before
{Heap before GC invocations=4 (full 0):
 garbage-first heap   total 30720K, used 19149K [0x0000000081000000, 0x0000000100000000)
  region size 1024K, 14 young (14336K), 3 survivors (3072K)
 Metaspace       used 29563K, capacity 29816K, committed 30000K, reserved 1075200K
  class space    used 3557K, capacity 3635K, committed 3712K, reserved 1048576K
}
Event: 1.298 GC heap after
{Heap after GC invocations=5 (full 0):
 garbage-first heap   total 30720K, used 10839K [0x0000000081000000, 0x0000000100000000)
  region size 1024K, 2 young (2048K), 2 survivors (2048K)
 Metaspace       used 29563K, capacity 29816K, committed 30000K, reserved 1075200K
  class space    used 3557K, capacity 3635K, committed 3712K, reserved 1048576K
}
Event: 1.851 GC heap before
{Heap before GC invocations=5 (full 0):
 garbage-first heap   total 30720K, used 22103K [0x0000000081000000, 0x0000000100000000)
  region size 1024K, 12 young (12288K), 2 survivors (2048K)
 Metaspace       used 31692K, capacity 32000K, committed 32304K, reserved 1077248K
  class space    used 3764K, capacity 3870K, committed 3968K, reserved 1048576K
}
Event: 1.854 GC heap after
{Heap after GC invocations=6 (full 0):
 garbage-first heap   total 30720K, used 15044K [0x0000000081000000, 0x0000000100000000)
  region size 1024K, 2 young (2048K), 2 survivors (2048K)
 Metaspace       used 31692K, capacity 32000K, committed 32304K, reserved 1077248K
  class space    used 3764K, capacity 3870K, committed 3968K, reserved 1048576K
}
Event: 3.185 GC heap before
{Heap before GC invocations=6 (full 0):
 garbage-first heap   total 30720K, used 22212K [0x0000000081000000, 0x0000000100000000)
  region size 1024K, 9 young (9216K), 2 survivors (2048K)
 Metaspace       used 32864K, capacity 33186K, committed 33456K, reserved 1079296K
  class space    used 3958K, capacity 4068K, committed 4096K, reserved 1048576K
}
Event: 3.189 GC heap after
{Heap after GC invocations=7 (full 0):
 garbage-first heap   total 80896K, used 16276K [0x0000000081000000, 0x0000000100000000)
  region size 1024K, 2 young (2048K), 2 survivors (2048K)
 Metaspace       used 32864K, capacity 33186K, committed 33456K, reserved 1079296K
  class space    used 3958K, capacity 4068K, committed 4096K, reserved 1048576K
}

